<?xml version="1.0" encoding="UTF-8"?>
<!-- Generated by org.testng.reporters.JUnitXMLReporter -->
<testsuite hostname="DESKTOP-MKD9LJ5" ignored="1" name="RegressionSuite" tests="3" failures="0" timestamp="13 May 2018 00:46:07 GMT" time="73.202" errors="0">
  <testcase name="useAbleToValidateOpenAnAccountButton" time="4.8" classname="testCases.UseAbleToValidateOpenAnAccountButton"/>
  <testcase name="userAbleToSignInButtonAndValidateErrorMsg" time="10.799" classname="testCases.UserAbleToSignInButtonAndValidateErrorMsg"/>
  <testcase name="applyForCreditCard" time="5.899" classname="testCases.ApplyForCreditCard"/>
  <testcase name="applyForCreditCard11" time="0.0" classname="testCases.ApplyForCreditCard">
    <ignored/>
  </testcase> <!-- applyForCreditCard11 -->
</testsuite> <!-- RegressionSuite -->
